<?xml version="1.0" encoding="UTF-8"?>
<!-- Generated by org.testng.reporters.JUnitXMLReporter -->
<testsuite hostname="DESKTOP-68174K6" ignored="0" name="Test" tests="1" failures="1" timestamp="2021-08-16T23:16:27 IST" time="10.468" errors="0">
  <testcase name="verifyUserLoginWithCorrectCredentials" time="1.926" classname="com.guru99.tests.LoginTest">
    <failure type="java.lang.AssertionError" message="expected [Guru99 Bank Manager Home Page] but found [Guru99 Bank Manager HomePage]">
      <![CDATA[java.lang.AssertionError: expected [Guru99 Bank Manager Home Page] but found [Guru99 Bank Manager HomePage]
at com.guru99.tests.LoginTest.verifyUserLoginWithCorrectCredentials(LoginTest.java:20)
at java.util.ArrayList.forEach(ArrayList.java:1259)
... Removed 32 stack frames]]>
    </failure>
  </testcase> <!-- verifyUserLoginWithCorrectCredentials -->
</testsuite> <!-- Test -->
